<?xml version="1.0" encoding="UTF-8"?>
<!-- Generated by org.testng.reporters.JUnitReportReporter -->
<testsuite skipped="0" hostname="DESKTOP-5S5PDPE" name="test.AddCustomerTest" tests="1" failures="0" timestamp="2022-03-11T09:50:57 HST" time="11.255" errors="0">
  <testcase name="validUserShouldBeAbleToCreateCustomer" time="11.255" classname="test.AddCustomerTest"/>
  <system-out/>
</testsuite> <!-- test.AddCustomerTest -->
