<?xml version="1.0" encoding="UTF-8"?>
<!-- Generated by org.testng.reporters.JUnitReportReporter -->
<testsuite skipped="0" hostname="DESKTOP-5S5PDPE" name="test.LoginTest" tests="1" failures="0" timestamp="2022-03-09T13:33:33 HST" time="8.782" errors="0">
  <testcase name="validUserShouldBeAbleToLogin" time="8.782" classname="test.LoginTest"/>
  <system-out/>
</testsuite> <!-- test.LoginTest -->
