<?xml version="1.0" encoding="UTF-8"?>
<!-- Generated by org.testng.reporters.JUnitReportReporter -->
<testsuite skipped="0" hostname="DESKTOP-5S5PDPE" name="test.LoginTest" tests="1" failures="0" timestamp="2022-03-11T09:51:24 HST" time="7.303" errors="0">
  <testcase name="validUserShouldBeAbleToLogin" time="7.303" classname="test.LoginTest"/>
  <system-out/>
</testsuite> <!-- test.LoginTest -->
