<?xml version="1.0" encoding="UTF-8"?>
<!-- Generated by org.testng.reporters.JUnitReportReporter -->
<testsuite skipped="0" hostname="DESKTOP-5S5PDPE" name="test.LoginTest" tests="1" failures="0" timestamp="10 Mar 2022 04:48:16 GMT" time="7.289" errors="0">
  <testcase name="validUserShouldBeAbleToLogin" time="7.289" classname="test.LoginTest"/>
</testsuite> <!-- test.LoginTest -->
