<?xml version="1.0" encoding="UTF-8"?>
<!-- Generated by org.testng.reporters.JUnitReportReporter -->
<testsuite skipped="0" hostname="DESKTOP-KTKLAPV" name="test.LoginTest" tests="1" failures="0" timestamp="10 Mar 2022 00:25:06 GMT" time="4.880" errors="0">
  <testcase name="validUserShouldBeAbleToLogin" time="4.880" classname="test.LoginTest"/>
</testsuite> <!-- test.LoginTest -->
